2024-07-29 19:30:53,746 - __main__ - WARNING - This is a warning
2024-07-29 19:30:53,746 - __main__ - ERROR - This is an error
2024-07-29 19:30:53,746 - __main__ - INFO - information
2024-07-29 19:34:50,413 - __main__ - WARNING - This is a warning
2024-07-29 19:34:50,413 - __main__ - ERROR - This is an error
2024-07-29 19:34:50,413 - __main__ - INFO - information
2024-07-29 19:35:50,827 - __main__ - WARNING - This is a warning
2024-07-29 19:35:50,827 - __main__ - ERROR - This is an error
2024-07-29 19:35:50,827 - __main__ - INFO - information
2024-07-29 19:42:34,400 - __main__ - WARNING - This is a warning
2024-07-29 19:42:34,400 - __main__ - ERROR - This is an error
2024-07-29 19:42:34,400 - __main__ - INFO - information
2024-07-29 19:45:12,306 - __main__ - WARNING - This is a warning
2024-07-29 19:45:12,306 - __main__ - ERROR - This is an error
2024-07-29 19:45:12,306 - __main__ - INFO - information
2024-07-29 19:49:01,863 - tungsten_gui - INFO - Selected: COM3
2024-07-29 19:49:02,400 - tungsten_gui - INFO - Connecting : ['COM3']
2024-07-29 19:49:02,408 - serial_port_manager - INFO - COM3: Connection Established
2024-07-29 19:49:02,408 - device - INFO - COM3: Creating Device Object
2024-07-29 19:49:02,408 - listener - INFO - COM3: Creating Listener Object
2024-07-29 19:49:02,408 - listener - INFO - COM3: Starting Listener
2024-07-29 19:49:02,408 - listener - INFO - COM3: Thread Started, Listening
2024-07-29 19:49:02,410 - device - INFO - COM3: Sending Command(s): ['esc']
2024-07-29 19:49:02,622 - device - INFO - COM3: Failed Sending Commands
2024-07-29 19:49:03,136 - device - INFO - COM3: Sending Command(s): ['esc']
2024-07-29 19:49:03,340 - device - INFO - COM3: Failed Sending Commands
2024-07-29 19:49:03,848 - device - INFO - COM3: Sending Command(s): ['esc']
2024-07-29 19:49:04,049 - device - INFO - COM3: Failed Sending Commands
2024-07-29 19:49:04,565 - device - INFO - COM3: Sending Command(s): ['esc']
2024-07-29 19:49:04,766 - device - INFO - COM3: Failed Sending Commands
2024-07-29 19:49:05,267 - device - INFO - COM3: Sending Command(s): ['esc']
2024-07-29 19:49:05,470 - device - INFO - COM3: Failed Sending Commands
2024-07-29 19:49:06,097 - notebook_handler - INFO - Creating Notebook Handler
2024-07-29 19:49:06,097 - notebook_handler - INFO - Starting NB Handler
2024-07-29 19:49:06,097 - notebook_handler - INFO - COM3: NB Thread Started
2024-07-29 19:49:38,656 - listener - INFO - COM3: Interrupting Listener
2024-07-29 19:49:38,656 - serial_port_manager - INFO - COM3: Disconnected
2024-07-29 19:49:38,656 - notebook_handler - INFO - Interrupting NB Handler
2024-07-29 19:49:38,697 - tungsten_gui - INFO - Safely closed
