2024-07-29 19:55:20,039 - tungsten_gui - INFO - Selected: COM3
2024-07-29 19:55:20,201 - tungsten_gui - INFO - Selected: COM4
2024-07-29 19:55:20,523 - tungsten_gui - INFO - Connecting : ['COM3', 'COM4']
2024-07-29 19:55:20,531 - serial_port_manager - INFO - COM3: Connection Established
2024-07-29 19:55:20,531 - device - INFO - COM3: Creating Device Object
2024-07-29 19:55:20,531 - listener - INFO - COM3: Creating Listener Object
2024-07-29 19:55:20,531 - listener - INFO - COM3: Starting Listener
2024-07-29 19:55:20,531 - listener - INFO - COM3: Thread Started, Listening
2024-07-29 19:55:20,532 - serial_port_manager - INFO - COM4: Connection Established
2024-07-29 19:55:20,532 - device - INFO - COM4: Creating Device Object
2024-07-29 19:55:20,532 - listener - INFO - COM4: Creating Listener Object
2024-07-29 19:55:20,532 - listener - INFO - COM4: Starting Listener
2024-07-29 19:55:20,532 - listener - INFO - COM4: Thread Started, Listening
2024-07-29 19:55:20,534 - device - INFO - COM3: Sending Command(s): ['esc']
2024-07-29 19:55:20,534 - device - INFO - COM4: Sending Command(s): ['esc']
2024-07-29 19:55:21,038 - device - INFO - COM3: Sending Command(s): ['esc']
2024-07-29 19:55:21,038 - device - INFO - COM4: Sending Command(s): ['esc']
2024-07-29 19:55:21,552 - device - INFO - COM4: Sending Command(s): ['esc']
2024-07-29 19:55:21,552 - device - INFO - COM3: Sending Command(s): ['esc']
2024-07-29 19:55:22,055 - device - INFO - COM4: Sending Command(s): ['esc']
2024-07-29 19:55:22,055 - device - INFO - COM3: Sending Command(s): ['esc']
2024-07-29 19:55:22,566 - device - INFO - COM3: Sending Command(s): ['esc']
2024-07-29 19:55:22,566 - device - INFO - COM4: Sending Command(s): ['esc']
2024-07-29 19:55:23,174 - notebook_handler - INFO - Creating Notebook Handler
2024-07-29 19:55:23,174 - notebook_handler - INFO - Starting NB Handler
2024-07-29 19:55:23,175 - notebook_handler - INFO - COM3: NB Thread Started
2024-07-29 19:55:23,175 - notebook_handler - INFO - COM4: NB Thread Started
2024-07-29 19:55:27,809 - device - INFO - COM3: Sending Command(s): ['esc', '9', 'h', 'y']
2024-07-29 19:55:27,809 - device - INFO - COM4: Sending Command(s): ['esc', '9', 'h', 'y']
2024-07-29 19:55:29,485 - device - INFO - COM3: Sending Command(s): ['esc', '3']
2024-07-29 19:55:29,485 - device - INFO - COM4: Sending Command(s): ['esc', '3']
2024-07-29 19:55:32,710 - device - INFO - COM3: Sending Command(s): ['esc', '4']
2024-07-29 19:55:32,711 - device - INFO - COM4: Sending Command(s): ['esc', '4']
2024-07-29 19:55:33,704 - device - INFO - COM3: Sending Command(s): ['esc', 'f']
2024-07-29 19:55:33,704 - device - INFO - COM4: Sending Command(s): ['esc', 'f']
2024-07-29 19:55:34,181 - device - INFO - COM3: Sending Command(s): ['esc', 'g ']
2024-07-29 19:55:34,181 - device - INFO - COM4: Sending Command(s): ['esc', 'g ']
2024-07-29 20:08:22,571 - listener - INFO - COM3: Interrupting Listener
2024-07-29 20:08:22,572 - serial_port_manager - INFO - COM3: Disconnected
2024-07-29 20:08:22,572 - listener - INFO - COM4: Interrupting Listener
2024-07-29 20:08:22,572 - serial_port_manager - INFO - COM4: Disconnected
2024-07-29 20:08:22,572 - notebook_handler - INFO - Interrupting NB Handler
2024-07-29 20:08:22,606 - tungsten_gui - INFO - Safely closed
