PByte: 1029

PByte: 1029

PByte: 1029

PByte: 1029

PByte: 1029

PByte: 1029

PByte: 1029

PByte: 1029

PByte: 1029

PByte: 1029

PByte: 1029

PByte: 1029

PByte: 1029

PByte: 1029

PByte: 1029

PByte: 1029

PByte: 1029

PByte: 1029

PByte: 1029

PByte: 1029

PByte: 1029

PByte: 1029

PByte: 1029

PByte: 1029

PByte: 1029

PByte: 1029

PByte: 1029

PByte: 1029

PByte: 1029

PByte: 1029

PByte: 1029

PByte: 1029

PByte: 1029

PByte: 1029

PByte: 1029

PByte: 1029

PByte: 1029

PByte: 1029

PByte: 1029

PByte: 1029

PByte: 1029

PByte: 1029

PByte: 1029

PByte: 1029

PByte: 1029

PByte: 1029

PByte: 1029

PByte: 1029

PByte: 1029

PByte: 1029

PByte: 1029

PByte: 1029

PByte: 1029

PByte: 1029

PByte: 1029

PByte: 1029

PByte: 1029

PByte: 1029

PByte: 1029

PByte: 1029

PByte: 1029

PByte: 1029

PByte: 1029

PByte: 1029

PByte: 1029

PByte: 1029

PByte: 1029

PByte: 1029

PByte: 1029

PByte: 1029

PByte: 1029

PByte: 1 